  main.cpp
  正在產生程式碼
  1 of 700 functions ( 0.1%) were compiled, the rest were copied from previous compilation.
    0 functions were new in current compilation
    0 functions had inline decision re-evaluated but remain unchanged
  已完成程式碼產生
glui32.lib(algebra3.obj) : warning LNK4099: 找不到 PDB 'GLUI.pdb' (有 'glui32.lib(algebra3.obj)' 或位於 'C:\Users\borishsu\Desktop\JustVoxel\Release\GLUI.pdb')，當做沒有偵錯資訊，連結物件
glui32.lib(arcball.obj) : warning LNK4099: 找不到 PDB 'GLUI.pdb' (有 'glui32.lib(arcball.obj)' 或位於 'C:\Users\borishsu\Desktop\JustVoxel\Release\GLUI.pdb')，當做沒有偵錯資訊，連結物件
glui32.lib(glui.obj) : warning LNK4099: 找不到 PDB 'GLUI.pdb' (有 'glui32.lib(glui.obj)' 或位於 'C:\Users\borishsu\Desktop\JustVoxel\Release\GLUI.pdb')，當做沒有偵錯資訊，連結物件
glui32.lib(glui_add_controls.obj) : warning LNK4099: 找不到 PDB 'GLUI.pdb' (有 'glui32.lib(glui_add_controls.obj)' 或位於 'C:\Users\borishsu\Desktop\JustVoxel\Release\GLUI.pdb')，當做沒有偵錯資訊，連結物件
glui32.lib(glui_bitmaps.obj) : warning LNK4099: 找不到 PDB 'GLUI.pdb' (有 'glui32.lib(glui_bitmaps.obj)' 或位於 'C:\Users\borishsu\Desktop\JustVoxel\Release\GLUI.pdb')，當做沒有偵錯資訊，連結物件
glui32.lib(glui_bitmap_img_data.obj) : warning LNK4099: 找不到 PDB 'GLUI.pdb' (有 'glui32.lib(glui_bitmap_img_data.obj)' 或位於 'C:\Users\borishsu\Desktop\JustVoxel\Release\GLUI.pdb')，當做沒有偵錯資訊，連結物件
glui32.lib(glui_button.obj) : warning LNK4099: 找不到 PDB 'GLUI.pdb' (有 'glui32.lib(glui_button.obj)' 或位於 'C:\Users\borishsu\Desktop\JustVoxel\Release\GLUI.pdb')，當做沒有偵錯資訊，連結物件
glui32.lib(glui_checkbox.obj) : warning LNK4099: 找不到 PDB 'GLUI.pdb' (有 'glui32.lib(glui_checkbox.obj)' 或位於 'C:\Users\borishsu\Desktop\JustVoxel\Release\GLUI.pdb')，當做沒有偵錯資訊，連結物件
glui32.lib(glui_column.obj) : warning LNK4099: 找不到 PDB 'GLUI.pdb' (有 'glui32.lib(glui_column.obj)' 或位於 'C:\Users\borishsu\Desktop\JustVoxel\Release\GLUI.pdb')，當做沒有偵錯資訊，連結物件
glui32.lib(glui_control.obj) : warning LNK4099: 找不到 PDB 'GLUI.pdb' (有 'glui32.lib(glui_control.obj)' 或位於 'C:\Users\borishsu\Desktop\JustVoxel\Release\GLUI.pdb')，當做沒有偵錯資訊，連結物件
glui32.lib(glui_edittext.obj) : warning LNK4099: 找不到 PDB 'GLUI.pdb' (有 'glui32.lib(glui_edittext.obj)' 或位於 'C:\Users\borishsu\Desktop\JustVoxel\Release\GLUI.pdb')，當做沒有偵錯資訊，連結物件
glui32.lib(glui_listbox.obj) : warning LNK4099: 找不到 PDB 'GLUI.pdb' (有 'glui32.lib(glui_listbox.obj)' 或位於 'C:\Users\borishsu\Desktop\JustVoxel\Release\GLUI.pdb')，當做沒有偵錯資訊，連結物件
glui32.lib(glui_mouse_iaction.obj) : warning LNK4099: 找不到 PDB 'GLUI.pdb' (有 'glui32.lib(glui_mouse_iaction.obj)' 或位於 'C:\Users\borishsu\Desktop\JustVoxel\Release\GLUI.pdb')，當做沒有偵錯資訊，連結物件
glui32.lib(glui_node.obj) : warning LNK4099: 找不到 PDB 'GLUI.pdb' (有 'glui32.lib(glui_node.obj)' 或位於 'C:\Users\borishsu\Desktop\JustVoxel\Release\GLUI.pdb')，當做沒有偵錯資訊，連結物件
glui32.lib(glui_panel.obj) : warning LNK4099: 找不到 PDB 'GLUI.pdb' (有 'glui32.lib(glui_panel.obj)' 或位於 'C:\Users\borishsu\Desktop\JustVoxel\Release\GLUI.pdb')，當做沒有偵錯資訊，連結物件
glui32.lib(glui_radio.obj) : warning LNK4099: 找不到 PDB 'GLUI.pdb' (有 'glui32.lib(glui_radio.obj)' 或位於 'C:\Users\borishsu\Desktop\JustVoxel\Release\GLUI.pdb')，當做沒有偵錯資訊，連結物件
glui32.lib(glui_rollout.obj) : warning LNK4099: 找不到 PDB 'GLUI.pdb' (有 'glui32.lib(glui_rollout.obj)' 或位於 'C:\Users\borishsu\Desktop\JustVoxel\Release\GLUI.pdb')，當做沒有偵錯資訊，連結物件
glui32.lib(glui_rotation.obj) : warning LNK4099: 找不到 PDB 'GLUI.pdb' (有 'glui32.lib(glui_rotation.obj)' 或位於 'C:\Users\borishsu\Desktop\JustVoxel\Release\GLUI.pdb')，當做沒有偵錯資訊，連結物件
glui32.lib(glui_scrollbar.obj) : warning LNK4099: 找不到 PDB 'GLUI.pdb' (有 'glui32.lib(glui_scrollbar.obj)' 或位於 'C:\Users\borishsu\Desktop\JustVoxel\Release\GLUI.pdb')，當做沒有偵錯資訊，連結物件
glui32.lib(glui_separator.obj) : warning LNK4099: 找不到 PDB 'GLUI.pdb' (有 'glui32.lib(glui_separator.obj)' 或位於 'C:\Users\borishsu\Desktop\JustVoxel\Release\GLUI.pdb')，當做沒有偵錯資訊，連結物件
glui32.lib(glui_spinner.obj) : warning LNK4099: 找不到 PDB 'GLUI.pdb' (有 'glui32.lib(glui_spinner.obj)' 或位於 'C:\Users\borishsu\Desktop\JustVoxel\Release\GLUI.pdb')，當做沒有偵錯資訊，連結物件
glui32.lib(glui_statictext.obj) : warning LNK4099: 找不到 PDB 'GLUI.pdb' (有 'glui32.lib(glui_statictext.obj)' 或位於 'C:\Users\borishsu\Desktop\JustVoxel\Release\GLUI.pdb')，當做沒有偵錯資訊，連結物件
glui32.lib(glui_string.obj) : warning LNK4099: 找不到 PDB 'GLUI.pdb' (有 'glui32.lib(glui_string.obj)' 或位於 'C:\Users\borishsu\Desktop\JustVoxel\Release\GLUI.pdb')，當做沒有偵錯資訊，連結物件
glui32.lib(glui_translation.obj) : warning LNK4099: 找不到 PDB 'GLUI.pdb' (有 'glui32.lib(glui_translation.obj)' 或位於 'C:\Users\borishsu\Desktop\JustVoxel\Release\GLUI.pdb')，當做沒有偵錯資訊，連結物件
glui32.lib(glui_window.obj) : warning LNK4099: 找不到 PDB 'GLUI.pdb' (有 'glui32.lib(glui_window.obj)' 或位於 'C:\Users\borishsu\Desktop\JustVoxel\Release\GLUI.pdb')，當做沒有偵錯資訊，連結物件
glui32.lib(quaternion.obj) : warning LNK4099: 找不到 PDB 'GLUI.pdb' (有 'glui32.lib(quaternion.obj)' 或位於 'C:\Users\borishsu\Desktop\JustVoxel\Release\GLUI.pdb')，當做沒有偵錯資訊，連結物件
  JustVoxel.vcxproj -> C:\Users\borishsu\Desktop\JustVoxel\Release\JustVoxel.exe
  JustVoxel.vcxproj -> C:\Users\borishsu\Desktop\JustVoxel\Release\JustVoxel.pdb (Full PDB)
